c:\users\k023g\onedrive\デスクトップ\kadaitoka\pg_3_02-03課題\x64\debug\vc143.pdb
c:\users\k023g\onedrive\デスクトップ\kadaitoka\pg_3_02-03課題\x64\debug\vc143.idb
c:\users\k023g\onedrive\デスクトップ\kadaitoka\pg_3_02-03課題\x64\debug\mian.obj
c:\users\k023g\pg_3\x64\debug\vc143.pdb
c:\users\k023g\pg_3\x64\debug\vc143.idb
c:\users\k023g\pg_3\x64\debug\mian.obj
c:\users\k023g\pg_3\x64\debug\enemy.obj
c:\users\k023g\onedrive\デスクトップ\kadaitoka\pg_3_02-03課題\x64\debug\pg_3_02-03課題.exe
c:\users\k023g\onedrive\デスクトップ\kadaitoka\pg_3_02-03課題\x64\debug\pg_3_02-03課題.ilk
c:\users\k023g\onedrive\デスクトップ\kadaitoka\pg_3_02-03課題\x64\debug\pg_3_02-03課題.pdb
c:\users\k023g\pg_3\x64\debug\pg_3_02-03課題.pdb
c:\users\k023g\pg_3\x64\debug\pg_3_02-03課題.tlog\cl.command.1.tlog
c:\users\k023g\pg_3\x64\debug\pg_3_02-03課題.tlog\cl.read.1.tlog
c:\users\k023g\pg_3\x64\debug\pg_3_02-03課題.tlog\cl.write.1.tlog
c:\users\k023g\pg_3\x64\debug\pg_3_02-03課題.tlog\link-cvtres.read.1.tlog
c:\users\k023g\pg_3\x64\debug\pg_3_02-03課題.tlog\link-cvtres.write.1.tlog
c:\users\k023g\pg_3\x64\debug\pg_3_02-03課題.tlog\link-rc.read.1.tlog
c:\users\k023g\pg_3\x64\debug\pg_3_02-03課題.tlog\link-rc.write.1.tlog
c:\users\k023g\pg_3\x64\debug\pg_3_02-03課題.tlog\link.7436-cvtres.read.1.tlog
c:\users\k023g\pg_3\x64\debug\pg_3_02-03課題.tlog\link.7436-cvtres.write.1.tlog
c:\users\k023g\pg_3\x64\debug\pg_3_02-03課題.tlog\link.7436-rc.read.1.tlog
c:\users\k023g\pg_3\x64\debug\pg_3_02-03課題.tlog\link.7436-rc.write.1.tlog
c:\users\k023g\pg_3\x64\debug\pg_3_02-03課題.tlog\link.7436.read.1.tlog
c:\users\k023g\pg_3\x64\debug\pg_3_02-03課題.tlog\link.7436.read.2.tlog
c:\users\k023g\pg_3\x64\debug\pg_3_02-03課題.tlog\link.7436.write.1.tlog
c:\users\k023g\pg_3\x64\debug\pg_3_02-03課題.tlog\link.command.1.tlog
c:\users\k023g\pg_3\x64\debug\pg_3_02-03課題.tlog\link.read.1.tlog
c:\users\k023g\pg_3\x64\debug\pg_3_02-03課題.tlog\link.read.2.tlog
c:\users\k023g\pg_3\x64\debug\pg_3_02-03課題.tlog\link.write.1.tlog
